# JRE version: OpenJDK Runtime Environment Temurin-17.0.11+9 (17.0.11+9) (build 17.0.11+9)
# Java VM: OpenJDK 64-Bit Server VM Temurin-17.0.11+9 (17.0.11+9, mixed mode, tiered, compressed oops, compressed class ptrs, parallel gc, windows-amd64)
GC Precious Log:
 CPUs: 4 total, 4 available
 Memory: 7879M
 Large Page Support: Disabled
 NUMA Support: Disabled
 Compressed Oops: Enabled (32-bit)
 Alignments: Space 512K, Generation 512K, Heap 2M
 Heap Min Capacity: 100M
 Heap Initial Capacity: 100M
 Heap Max Capacity: 1G
 Pre-touch: Disabled
 Parallel Workers: 4
Heap:
 PSYoungGen      total 43008K, used 31242K [0x00000000eab00000, 0x00000000f0e80000, 0x0000000100000000)
  eden space 19456K, 39% used [0x00000000eab00000,0x00000000eb286958,0x00000000ebe00000)
  from space 23552K, 99% used [0x00000000ee080000,0x00000000ef77beb0,0x00000000ef780000)
  to   space 35328K, 0% used [0x00000000ebe00000,0x00000000ebe00000,0x00000000ee080000)
 ParOldGen       total 342016K, used 305174K [0x00000000c0000000, 0x00000000d4e00000, 0x00000000eab00000)
  object space 342016K, 89% used [0x00000000c0000000,0x00000000d2a05bb8,0x00000000d4e00000)
 Metaspace       used 77315K, committed 78720K, reserved 1179648K
  class space    used 8242K, committed 8832K, reserved 1048576K
GC Heap History (20 events):
Event: 45.033 GC heap before
{Heap before GC invocations=184 (full 11):
 PSYoungGen      total 43008K, used 43007K [0x00000000eab00000, 0x00000000ee880000, 0x0000000100000000)
  eden space 32256K, 100% used [0x00000000eab00000,0x00000000eca80000,0x00000000eca80000)
  from space 10752K, 99% used [0x00000000ecb80000,0x00000000ed5ffe50,0x00000000ed600000)
  to   space 15360K, 0% used [0x00000000ed980000,0x00000000ed980000,0x00000000ee880000)
 ParOldGen       total 285696K, used 247312K [0x00000000c0000000, 0x00000000d1700000, 0x00000000eab00000)
  object space 285696K, 86% used [0x00000000c0000000,0x00000000cf1840f8,0x00000000d1700000)
 Metaspace       used 74091K, committed 75392K, reserved 1179648K
  class space    used 7807K, committed 8384K, reserved 1048576K
}
Event: 45.053 GC heap after
{Heap after GC invocations=184 (full 11):
 PSYoungGen      total 46592K, used 11723K [0x00000000eab00000, 0x00000000ee580000, 0x0000000100000000)
  eden space 34304K, 0% used [0x00000000eab00000,0x00000000eab00000,0x00000000ecc80000)
  from space 12288K, 95% used [0x00000000ed980000,0x00000000ee4f2dc0,0x00000000ee580000)
  to   space 12800K, 0% used [0x00000000ecc80000,0x00000000ecc80000,0x00000000ed900000)
 ParOldGen       total 285696K, used 253059K [0x00000000c0000000, 0x00000000d1700000, 0x00000000eab00000)
  object space 285696K, 88% used [0x00000000c0000000,0x00000000cf720c78,0x00000000d1700000)
 Metaspace       used 74091K, committed 75392K, reserved 1179648K
  class space    used 7807K, committed 8384K, reserved 1048576K
}
Event: 45.222 GC heap before
{Heap before GC invocations=185 (full 11):
 PSYoungGen      total 46592K, used 46027K [0x00000000eab00000, 0x00000000ee580000, 0x0000000100000000)
  eden space 34304K, 100% used [0x00000000eab00000,0x00000000ecc80000,0x00000000ecc80000)
  from space 12288K, 95% used [0x00000000ed980000,0x00000000ee4f2dc0,0x00000000ee580000)
  to   space 12800K, 0% used [0x00000000ecc80000,0x00000000ecc80000,0x00000000ed900000)
 ParOldGen       total 285696K, used 253059K [0x00000000c0000000, 0x00000000d1700000, 0x00000000eab00000)
  object space 285696K, 88% used [0x00000000c0000000,0x00000000cf720c78,0x00000000d1700000)
 Metaspace       used 74271K, committed 75584K, reserved 1179648K
  class space    used 7828K, committed 8384K, reserved 1048576K
}
Event: 45.235 GC heap after
{Heap after GC invocations=185 (full 11):
 PSYoungGen      total 47104K, used 12787K [0x00000000eab00000, 0x00000000ee580000, 0x0000000100000000)
  eden space 34304K, 0% used [0x00000000eab00000,0x00000000eab00000,0x00000000ecc80000)
  from space 12800K, 99% used [0x00000000ecc80000,0x00000000ed8fcc40,0x00000000ed900000)
  to   space 12288K, 0% used [0x00000000ed980000,0x00000000ed980000,0x00000000ee580000)
 ParOldGen       total 285696K, used 259148K [0x00000000c0000000, 0x00000000d1700000, 0x00000000eab00000)
  object space 285696K, 90% used [0x00000000c0000000,0x00000000cfd13258,0x00000000d1700000)
 Metaspace       used 74271K, committed 75584K, reserved 1179648K
  class space    used 7828K, committed 8384K, reserved 1048576K
}
Event: 45.436 GC heap before
{Heap before GC invocations=186 (full 11):
 PSYoungGen      total 47104K, used 47091K [0x00000000eab00000, 0x00000000ee580000, 0x0000000100000000)
  eden space 34304K, 100% used [0x00000000eab00000,0x00000000ecc80000,0x00000000ecc80000)
  from space 12800K, 99% used [0x00000000ecc80000,0x00000000ed8fcc40,0x00000000ed900000)
  to   space 12288K, 0% used [0x00000000ed980000,0x00000000ed980000,0x00000000ee580000)
 ParOldGen       total 285696K, used 259148K [0x00000000c0000000, 0x00000000d1700000, 0x00000000eab00000)
  object space 285696K, 90% used [0x00000000c0000000,0x00000000cfd13258,0x00000000d1700000)
 Metaspace       used 74880K, committed 76224K, reserved 1179648K
  class space    used 7896K, committed 8448K, reserved 1048576K
}
Event: 45.448 GC heap after
{Heap after GC invocations=186 (full 11):
 PSYoungGen      total 45568K, used 11186K [0x00000000eab00000, 0x00000000eeb00000, 0x0000000100000000)
  eden space 33280K, 0% used [0x00000000eab00000,0x00000000eab00000,0x00000000ecb80000)
  from space 12288K, 91% used [0x00000000ed980000,0x00000000ee46cb90,0x00000000ee580000)
  to   space 14336K, 0% used [0x00000000ecb80000,0x00000000ecb80000,0x00000000ed980000)
 ParOldGen       total 285696K, used 267121K [0x00000000c0000000, 0x00000000d1700000, 0x00000000eab00000)
  object space 285696K, 93% used [0x00000000c0000000,0x00000000d04dc690,0x00000000d1700000)
 Metaspace       used 74880K, committed 76224K, reserved 1179648K
  class space    used 7896K, committed 8448K, reserved 1048576K
}
Event: 45.591 GC heap before
{Heap before GC invocations=187 (full 11):
 PSYoungGen      total 45568K, used 44466K [0x00000000eab00000, 0x00000000eeb00000, 0x0000000100000000)
  eden space 33280K, 100% used [0x00000000eab00000,0x00000000ecb80000,0x00000000ecb80000)
  from space 12288K, 91% used [0x00000000ed980000,0x00000000ee46cb90,0x00000000ee580000)
  to   space 14336K, 0% used [0x00000000ecb80000,0x00000000ecb80000,0x00000000ed980000)
 ParOldGen       total 285696K, used 267121K [0x00000000c0000000, 0x00000000d1700000, 0x00000000eab00000)
  object space 285696K, 93% used [0x00000000c0000000,0x00000000d04dc690,0x00000000d1700000)
 Metaspace       used 75909K, committed 77184K, reserved 1179648K
  class space    used 8066K, committed 8576K, reserved 1048576K
}
Event: 45.602 GC heap after
{Heap after GC invocations=187 (full 11):
 PSYoungGen      total 47616K, used 14305K [0x00000000eab00000, 0x00000000ef180000, 0x0000000100000000)
  eden space 33280K, 0% used [0x00000000eab00000,0x00000000eab00000,0x00000000ecb80000)
  from space 14336K, 99% used [0x00000000ecb80000,0x00000000ed978570,0x00000000ed980000)
  to   space 18432K, 0% used [0x00000000edf80000,0x00000000edf80000,0x00000000ef180000)
 ParOldGen       total 285696K, used 269945K [0x00000000c0000000, 0x00000000d1700000, 0x00000000eab00000)
  object space 285696K, 94% used [0x00000000c0000000,0x00000000d079e440,0x00000000d1700000)
 Metaspace       used 75909K, committed 77184K, reserved 1179648K
  class space    used 8066K, committed 8576K, reserved 1048576K
}
Event: 45.755 GC heap before
{Heap before GC invocations=188 (full 11):
 PSYoungGen      total 47616K, used 47585K [0x00000000eab00000, 0x00000000ef180000, 0x0000000100000000)
  eden space 33280K, 100% used [0x00000000eab00000,0x00000000ecb80000,0x00000000ecb80000)
  from space 14336K, 99% used [0x00000000ecb80000,0x00000000ed978570,0x00000000ed980000)
  to   space 18432K, 0% used [0x00000000edf80000,0x00000000edf80000,0x00000000ef180000)
 ParOldGen       total 285696K, used 269945K [0x00000000c0000000, 0x00000000d1700000, 0x00000000eab00000)
  object space 285696K, 94% used [0x00000000c0000000,0x00000000d079e440,0x00000000d1700000)
 Metaspace       used 76093K, committed 77440K, reserved 1179648K
  class space    used 8082K, committed 8640K, reserved 1048576K
}
Event: 45.770 GC heap after
{Heap after GC invocations=188 (full 11):
 PSYoungGen      total 47616K, used 12133K [0x00000000eab00000, 0x00000000eeb80000, 0x0000000100000000)
  eden space 35328K, 0% used [0x00000000eab00000,0x00000000eab00000,0x00000000ecd80000)
  from space 12288K, 98% used [0x00000000edf80000,0x00000000eeb59590,0x00000000eeb80000)
  to   space 14336K, 0% used [0x00000000ecf80000,0x00000000ecf80000,0x00000000edd80000)
 ParOldGen       total 285696K, used 278698K [0x00000000c0000000, 0x00000000d1700000, 0x00000000eab00000)
  object space 285696K, 97% used [0x00000000c0000000,0x00000000d102a858,0x00000000d1700000)
 Metaspace       used 76093K, committed 77440K, reserved 1179648K
  class space    used 8082K, committed 8640K, reserved 1048576K
}
Event: 45.770 GC heap before
{Heap before GC invocations=189 (full 12):
 PSYoungGen      total 47616K, used 12133K [0x00000000eab00000, 0x00000000eeb80000, 0x0000000100000000)
  eden space 35328K, 0% used [0x00000000eab00000,0x00000000eab00000,0x00000000ecd80000)
  from space 12288K, 98% used [0x00000000edf80000,0x00000000eeb59590,0x00000000eeb80000)
  to   space 14336K, 0% used [0x00000000ecf80000,0x00000000ecf80000,0x00000000edd80000)
 ParOldGen       total 285696K, used 278698K [0x00000000c0000000, 0x00000000d1700000, 0x00000000eab00000)
  object space 285696K, 97% used [0x00000000c0000000,0x00000000d102a858,0x00000000d1700000)
 Metaspace       used 76093K, committed 77440K, reserved 1179648K
  class space    used 8082K, committed 8640K, reserved 1048576K
}
Event: 46.094 GC heap after
{Heap after GC invocations=189 (full 12):
 PSYoungGen      total 50176K, used 2807K [0x00000000eab00000, 0x00000000eec00000, 0x0000000100000000)
  eden space 37888K, 0% used [0x00000000eab00000,0x00000000eab00000,0x00000000ed000000)
  from space 12288K, 22% used [0x00000000edf80000,0x00000000ee23de88,0x00000000eeb80000)
  to   space 14336K, 0% used [0x00000000ed000000,0x00000000ed000000,0x00000000ede00000)
 ParOldGen       total 342016K, used 285507K [0x00000000c0000000, 0x00000000d4e00000, 0x00000000eab00000)
  object space 342016K, 83% used [0x00000000c0000000,0x00000000d16d0ed0,0x00000000d4e00000)
 Metaspace       used 76093K, committed 77440K, reserved 1179648K
  class space    used 8082K, committed 8640K, reserved 1048576K
}
Event: 46.248 GC heap before
{Heap before GC invocations=190 (full 12):
 PSYoungGen      total 50176K, used 40695K [0x00000000eab00000, 0x00000000eec00000, 0x0000000100000000)
  eden space 37888K, 99% used [0x00000000eab00000,0x00000000ecfffff0,0x00000000ed000000)
  from space 12288K, 22% used [0x00000000edf80000,0x00000000ee23de88,0x00000000eeb80000)
  to   space 14336K, 0% used [0x00000000ed000000,0x00000000ed000000,0x00000000ede00000)
 ParOldGen       total 342016K, used 285507K [0x00000000c0000000, 0x00000000d4e00000, 0x00000000eab00000)
  object space 342016K, 83% used [0x00000000c0000000,0x00000000d16d0ed0,0x00000000d4e00000)
 Metaspace       used 76735K, committed 78080K, reserved 1179648K
  class space    used 8164K, committed 8768K, reserved 1048576K
}
Event: 46.281 GC heap after
{Heap after GC invocations=190 (full 12):
 PSYoungGen      total 52224K, used 11542K [0x00000000eab00000, 0x00000000eea80000, 0x0000000100000000)
  eden space 37888K, 0% used [0x00000000eab00000,0x00000000eab00000,0x00000000ed000000)
  from space 14336K, 80% used [0x00000000ed000000,0x00000000edb45900,0x00000000ede00000)
  to   space 12288K, 0% used [0x00000000ede80000,0x00000000ede80000,0x00000000eea80000)
 ParOldGen       total 342016K, used 285515K [0x00000000c0000000, 0x00000000d4e00000, 0x00000000eab00000)
  object space 342016K, 83% used [0x00000000c0000000,0x00000000d16d2ed0,0x00000000d4e00000)
 Metaspace       used 76735K, committed 78080K, reserved 1179648K
  class space    used 8164K, committed 8768K, reserved 1048576K
}
Event: 46.405 GC heap before
{Heap before GC invocations=191 (full 12):
 PSYoungGen      total 52224K, used 49430K [0x00000000eab00000, 0x00000000eea80000, 0x0000000100000000)
  eden space 37888K, 100% used [0x00000000eab00000,0x00000000ed000000,0x00000000ed000000)
  from space 14336K, 80% used [0x00000000ed000000,0x00000000edb45900,0x00000000ede00000)
  to   space 12288K, 0% used [0x00000000ede80000,0x00000000ede80000,0x00000000eea80000)
 ParOldGen       total 342016K, used 285515K [0x00000000c0000000, 0x00000000d4e00000, 0x00000000eab00000)
  object space 342016K, 83% used [0x00000000c0000000,0x00000000d16d2ed0,0x00000000d4e00000)
 Metaspace       used 76735K, committed 78080K, reserved 1179648K
  class space    used 8164K, committed 8768K, reserved 1048576K
}
Event: 46.418 GC heap after
{Heap after GC invocations=191 (full 12):
 PSYoungGen      total 40960K, used 12276K [0x00000000eab00000, 0x00000000f0180000, 0x0000000100000000)
  eden space 28672K, 0% used [0x00000000eab00000,0x00000000eab00000,0x00000000ec700000)
  from space 12288K, 99% used [0x00000000ede80000,0x00000000eea7d350,0x00000000eea80000)
  to   space 24064K, 0% used [0x00000000ec700000,0x00000000ec700000,0x00000000ede80000)
 ParOldGen       total 342016K, used 295299K [0x00000000c0000000, 0x00000000d4e00000, 0x00000000eab00000)
  object space 342016K, 86% used [0x00000000c0000000,0x00000000d2060f10,0x00000000d4e00000)
 Metaspace       used 76735K, committed 78080K, reserved 1179648K
  class space    used 8164K, committed 8768K, reserved 1048576K
}
Event: 46.463 GC heap before
{Heap before GC invocations=192 (full 12):
 PSYoungGen      total 40960K, used 40948K [0x00000000eab00000, 0x00000000f0180000, 0x0000000100000000)
  eden space 28672K, 100% used [0x00000000eab00000,0x00000000ec700000,0x00000000ec700000)
  from space 12288K, 99% used [0x00000000ede80000,0x00000000eea7d350,0x00000000eea80000)
  to   space 24064K, 0% used [0x00000000ec700000,0x00000000ec700000,0x00000000ede80000)
 ParOldGen       total 342016K, used 295299K [0x00000000c0000000, 0x00000000d4e00000, 0x00000000eab00000)
  object space 342016K, 86% used [0x00000000c0000000,0x00000000d2060f10,0x00000000d4e00000)
 Metaspace       used 76735K, committed 78080K, reserved 1179648K
  class space    used 8164K, committed 8768K, reserved 1048576K
}
Event: 46.473 GC heap after
{Heap after GC invocations=192 (full 12):
 PSYoungGen      total 52736K, used 22753K [0x00000000eab00000, 0x00000000ef780000, 0x0000000100000000)
  eden space 28672K, 0% used [0x00000000eab00000,0x00000000eab00000,0x00000000ec700000)
  from space 24064K, 94% used [0x00000000ec700000,0x00000000edd385d0,0x00000000ede80000)
  to   space 23552K, 0% used [0x00000000ee080000,0x00000000ee080000,0x00000000ef780000)
 ParOldGen       total 342016K, used 295667K [0x00000000c0000000, 0x00000000d4e00000, 0x00000000eab00000)
  object space 342016K, 86% used [0x00000000c0000000,0x00000000d20bcc20,0x00000000d4e00000)
 Metaspace       used 76735K, committed 78080K, reserved 1179648K
  class space    used 8164K, committed 8768K, reserved 1048576K
}
Event: 46.616 GC heap before
{Heap before GC invocations=193 (full 12):
 PSYoungGen      total 52736K, used 51425K [0x00000000eab00000, 0x00000000ef780000, 0x0000000100000000)
  eden space 28672K, 100% used [0x00000000eab00000,0x00000000ec700000,0x00000000ec700000)
  from space 24064K, 94% used [0x00000000ec700000,0x00000000edd385d0,0x00000000ede80000)
  to   space 23552K, 0% used [0x00000000ee080000,0x00000000ee080000,0x00000000ef780000)
 ParOldGen       total 342016K, used 295667K [0x00000000c0000000, 0x00000000d4e00000, 0x00000000eab00000)
  object space 342016K, 86% used [0x00000000c0000000,0x00000000d20bcc20,0x00000000d4e00000)
 Metaspace       used 77154K, committed 78528K, reserved 1179648K
  class space    used 8207K, committed 8768K, reserved 1048576K
}
Event: 46.633 GC heap after
{Heap after GC invocations=193 (full 12):
 PSYoungGen      total 43008K, used 23535K [0x00000000eab00000, 0x00000000f0e80000, 0x0000000100000000)
  eden space 19456K, 0% used [0x00000000eab00000,0x00000000eab00000,0x00000000ebe00000)
  from space 23552K, 99% used [0x00000000ee080000,0x00000000ef77beb0,0x00000000ef780000)
  to   space 35328K, 0% used [0x00000000ebe00000,0x00000000ebe00000,0x00000000ee080000)
 ParOldGen       total 342016K, used 305174K [0x00000000c0000000, 0x00000000d4e00000, 0x00000000eab00000)
  object space 342016K, 89% used [0x00000000c0000000,0x00000000d2a05bb8,0x00000000d4e00000)
 Metaspace       used 77154K, committed 78528K, reserved 1179648K
  class space    used 8207K, committed 8768K, reserved 1048576K
}

